Exporter version: 2.80.1, Blender version: 2.92.0
========= Conversion from Blender to Babylon.js =========
	Scene settings used :
		Inline textures     :  false
		Material Type       :  PBR
		Positions Precision :  4
		Normals Precision   :  3
		UVs Precision       :  3
		Vert Color Precision:  3
		Mat Weight Precision:  2
		Keep Z-up r-handed  :  no
		Texture directory   :  /opt/lampp/htdocs/tortas/3D/modelos/bordes/
	Python World class constructor completed
	processing begun of camera (UniversalCamera):  Camera
	processing begun of mesh:  estrella_c
		WARNING: No materials have been assigned: 
		Custom split normals with tangents being used
		num positions      :  52000
		num normals        :  52000
		num tangents       :  208000
		num uvs            :  104000
		num uvs2           :  0
		num colors         :  0
		num triangles      :  42432
	processing begun of light (POINT):  Light
========= Writing of JSON file started =========
	writing mesh:  estrella_c
========= Writing of JSON file completed =========
========= end of processing =========
elapsed time:  0 min, 22.2676 secs
