Exporter version: 2.80.1, Blender version: 2.92.0
========= Conversion from Blender to Babylon.js =========
	Scene settings used :
		Inline textures     :  false
		Material Type       :  PBR
		Positions Precision :  4
		Normals Precision   :  3
		UVs Precision       :  3
		Vert Color Precision:  3
		Mat Weight Precision:  2
		Keep Z-up r-handed  :  no
		Texture directory   :  /opt/lampp/htdocs/tortas/3D/modelos/formas/Con_bordes/
	Python World class constructor completed
	processing begun of camera (UniversalCamera):  Camera
	processing begun of mesh:  cubierta
		WARNING: No materials have been assigned: 
		num positions      :  309
		num normals        :  309
		num tangents       :  0
		num uvs            :  618
		num uvs2           :  0
		num colors         :  0
		num triangles      :  124
	processing begun of mesh:  masa1
		WARNING: No materials have been assigned: 
		num positions      :  309
		num normals        :  309
		num tangents       :  0
		num uvs            :  618
		num uvs2           :  0
		num colors         :  0
		num triangles      :  124
	processing begun of mesh:  masa3
		WARNING: No materials have been assigned: 
		num positions      :  309
		num normals        :  309
		num tangents       :  0
		num uvs            :  618
		num uvs2           :  0
		num colors         :  0
		num triangles      :  124
	processing begun of mesh:  masa2
		WARNING: No materials have been assigned: 
		num positions      :  309
		num normals        :  309
		num tangents       :  0
		num uvs            :  618
		num uvs2           :  0
		num colors         :  0
		num triangles      :  124
	processing begun of mesh:  relleno1
		WARNING: No materials have been assigned: 
		num positions      :  309
		num normals        :  309
		num tangents       :  0
		num uvs            :  618
		num uvs2           :  0
		num colors         :  0
		num triangles      :  124
	processing begun of mesh:  relleno2
		WARNING: No materials have been assigned: 
		num positions      :  309
		num normals        :  309
		num tangents       :  0
		num uvs            :  618
		num uvs2           :  0
		num colors         :  0
		num triangles      :  124
	processing begun of mesh:  estrella_r
		WARNING: No materials have been assigned: 
		Custom split normals with tangents being used
		num positions      :  37000
		num normals        :  37000
		num tangents       :  148000
		num uvs            :  74000
		num uvs2           :  0
		num colors         :  0
		num triangles      :  30192
	processing begun of mesh:  borde2_r
		processing begun of material:  DefaultMaterial
		processing begun of material:  DefaultMaterial.001
		processing begun of material:  DefaultMaterial.005
		processing begun of material:  DefaultMaterial.004
		processing begun of material:  DefaultMaterial.009
		processing begun of material:  DefaultMaterial.008
		processing begun of material:  DefaultMaterial.007
		processing begun of material:  DefaultMaterial.006
		processing begun of material:  DefaultMaterial.017
		processing begun of material:  DefaultMaterial.016
		processing begun of material:  DefaultMaterial.015
		processing begun of material:  DefaultMaterial.014
		processing begun of material:  DefaultMaterial.013
		processing begun of material:  DefaultMaterial.012
		processing begun of material:  DefaultMaterial.011
		processing begun of material:  DefaultMaterial.010
		processing begun of multimaterial:  forma_redondo_m_libra.Multimaterial#0
		Custom split normals with tangents being used
		num positions      :  15728
		num normals        :  15728
		num tangents       :  62912
		num uvs            :  31456
		num uvs2           :  0
		num colors         :  0
		num triangles      :  26624
	processing begun of mesh:  sin_borde
		WARNING: No materials have been assigned: 
		num positions      :  29
		num normals        :  29
		num tangents       :  0
		num uvs            :  58
		num uvs2           :  0
		num colors         :  0
		num triangles      :  12
	processing begun of light (POINT):  Light
========= Writing of JSON file started =========
	writing mesh:  cubierta
	writing mesh:  masa1
	writing mesh:  masa3
	writing mesh:  masa2
	writing mesh:  relleno1
	writing mesh:  relleno2
	writing mesh:  estrella_r
	writing mesh:  borde2_r
	writing mesh:  sin_borde
========= Writing of JSON file completed =========
========= end of processing =========
elapsed time:  0 min, 39.4983 secs
