Exporter version: 2.80.1, Blender version: 2.92.0
========= Conversion from Blender to Babylon.js =========
	Scene settings used :
		Inline textures     :  false
		Material Type       :  PBR
		Positions Precision :  4
		Normals Precision   :  3
		UVs Precision       :  3
		Vert Color Precision:  3
		Mat Weight Precision:  2
		Keep Z-up r-handed  :  no
		Texture directory   :  /opt/lampp/htdocs/tortas/3D/modelos/formas/Con_bordes/
	Python World class constructor completed
	WARNING: The following camera not visible in scene thus ignored: Camera
	processing begun of mesh:  cubierta
		WARNING: No materials have been assigned: 
		num positions      :  29
		num normals        :  29
		num tangents       :  0
		num uvs            :  58
		num uvs2           :  0
		num colors         :  0
		num triangles      :  12
	processing begun of mesh:  masa2
		WARNING: No materials have been assigned: 
		num positions      :  29
		num normals        :  29
		num tangents       :  0
		num uvs            :  58
		num uvs2           :  0
		num colors         :  0
		num triangles      :  12
	processing begun of mesh:  masa3
		WARNING: No materials have been assigned: 
		num positions      :  29
		num normals        :  29
		num tangents       :  0
		num uvs            :  58
		num uvs2           :  0
		num colors         :  0
		num triangles      :  12
	processing begun of mesh:  masa4
		WARNING: No materials have been assigned: 
		num positions      :  29
		num normals        :  29
		num tangents       :  0
		num uvs            :  58
		num uvs2           :  0
		num colors         :  0
		num triangles      :  12
	processing begun of mesh:  relleno1
		WARNING: No materials have been assigned: 
		num positions      :  29
		num normals        :  29
		num tangents       :  0
		num uvs            :  58
		num uvs2           :  0
		num colors         :  0
		num triangles      :  12
	processing begun of mesh:  relleno2
		WARNING: No materials have been assigned: 
		num positions      :  29
		num normals        :  29
		num tangents       :  0
		num uvs            :  58
		num uvs2           :  0
		num colors         :  0
		num triangles      :  12
	processing begun of mesh:  masa1
		WARNING: No materials have been assigned: 
		num positions      :  29
		num normals        :  29
		num tangents       :  0
		num uvs            :  58
		num uvs2           :  0
		num colors         :  0
		num triangles      :  12
	processing begun of mesh:  relleno3
		WARNING: No materials have been assigned: 
		num positions      :  29
		num normals        :  29
		num tangents       :  0
		num uvs            :  58
		num uvs2           :  0
		num colors         :  0
		num triangles      :  12
	processing begun of mesh:  estrella_c
		WARNING: No materials have been assigned: 
		Custom split normals with tangents being used
		num positions      :  52000
		num normals        :  52000
		num tangents       :  208000
		num uvs            :  104000
		num uvs2           :  0
		num colors         :  0
		num triangles      :  42432
	processing begun of mesh:  borde2_c
		processing begun of material:  DefaultMaterial.001
		processing begun of material:  DefaultMaterial
		processing begun of material:  DefaultMaterial.003
		processing begun of material:  DefaultMaterial.002
		processing begun of material:  DefaultMaterial.005
		processing begun of material:  DefaultMaterial.004
		processing begun of material:  DefaultMaterial.006
		processing begun of material:  DefaultMaterial.007
		processing begun of material:  DefaultMaterial.008
		processing begun of material:  DefaultMaterial.010
		processing begun of material:  DefaultMaterial.009
		processing begun of material:  DefaultMaterial.011
		processing begun of material:  DefaultMaterial.013
		processing begun of material:  DefaultMaterial.012
		processing begun of material:  DefaultMaterial.015
		processing begun of material:  DefaultMaterial.014
		processing begun of material:  DefaultMaterial.016
		processing begun of material:  DefaultMaterial.017
		processing begun of material:  DefaultMaterial.019
		processing begun of material:  DefaultMaterial.018
		processing begun of material:  DefaultMaterial.020
		processing begun of material:  DefaultMaterial.021
		processing begun of multimaterial:  forma_cuadrada_1_libra.Multimaterial#0
		Custom split normals with tangents being used
		num positions      :  21626
		num normals        :  21626
		num tangents       :  86504
		num uvs            :  43252
		num uvs2           :  0
		num colors         :  0
		num triangles      :  36608
	processing begun of mesh:  sin_borde
		WARNING: No materials have been assigned: 
		num positions      :  29
		num normals        :  29
		num tangents       :  0
		num uvs            :  58
		num uvs2           :  0
		num colors         :  0
		num triangles      :  12
	processing begun of light (POINT):  Light
========= Writing of JSON file started =========
	writing mesh:  cubierta
	writing mesh:  masa2
	writing mesh:  masa3
	writing mesh:  masa4
	writing mesh:  relleno1
	writing mesh:  relleno2
	writing mesh:  masa1
	writing mesh:  relleno3
	writing mesh:  estrella_c
	writing mesh:  borde2_c
	writing mesh:  sin_borde
========= Writing of JSON file completed =========
========= end of processing =========
elapsed time:  0 min, 46.2231 secs
