Exporter version: 2.80.1, Blender version: 2.92.0
========= Conversion from Blender to Babylon.js =========
	Scene settings used :
		Inline textures     :  false
		Material Type       :  PBR
		Positions Precision :  4
		Normals Precision   :  3
		UVs Precision       :  3
		Vert Color Precision:  3
		Mat Weight Precision:  2
		Keep Z-up r-handed  :  no
		Texture directory   :  /opt/lampp/htdocs/tortas/3D/modelos/formas/Sin_bordes/
	Python World class constructor completed
	processing begun of camera (UniversalCamera):  Camera
	processing begun of mesh:  cubierta
		WARNING: No materials have been assigned: 
		num positions      :  309
		num normals        :  309
		num tangents       :  0
		num uvs            :  618
		num uvs2           :  0
		num colors         :  0
		num triangles      :  124
	processing begun of mesh:  masa1
		WARNING: No materials have been assigned: 
		num positions      :  1982
		num normals        :  1982
		num tangents       :  0
		num uvs            :  3964
		num uvs2           :  0
		num colors         :  0
		num triangles      :  956
	processing begun of mesh:  masa4
		WARNING: No materials have been assigned: 
		num positions      :  1982
		num normals        :  1982
		num tangents       :  0
		num uvs            :  3964
		num uvs2           :  0
		num colors         :  0
		num triangles      :  956
	processing begun of mesh:  relleno1
		WARNING: No materials have been assigned: 
		num positions      :  1982
		num normals        :  1982
		num tangents       :  0
		num uvs            :  3964
		num uvs2           :  0
		num colors         :  0
		num triangles      :  956
	processing begun of mesh:  masa3
		WARNING: No materials have been assigned: 
		num positions      :  1982
		num normals        :  1982
		num tangents       :  0
		num uvs            :  3964
		num uvs2           :  0
		num colors         :  0
		num triangles      :  956
	processing begun of mesh:  masa2
		WARNING: No materials have been assigned: 
		num positions      :  1982
		num normals        :  1982
		num tangents       :  0
		num uvs            :  3964
		num uvs2           :  0
		num colors         :  0
		num triangles      :  956
	processing begun of mesh:  relleno2
		WARNING: No materials have been assigned: 
		num positions      :  1982
		num normals        :  1982
		num tangents       :  0
		num uvs            :  3964
		num uvs2           :  0
		num colors         :  0
		num triangles      :  956
	processing begun of mesh:  relleno3
		WARNING: No materials have been assigned: 
		num positions      :  1982
		num normals        :  1982
		num tangents       :  0
		num uvs            :  3964
		num uvs2           :  0
		num colors         :  0
		num triangles      :  956
	processing begun of light (POINT):  Light
========= Writing of JSON file started =========
	writing mesh:  cubierta
	writing mesh:  masa1
	writing mesh:  masa4
	writing mesh:  relleno1
	writing mesh:  masa3
	writing mesh:  masa2
	writing mesh:  relleno2
	writing mesh:  relleno3
========= Writing of JSON file completed =========
========= end of processing =========
elapsed time:  0 min, 2.6894 secs
